  Tilemap.cpp
c:\users\gsvil\documents\proyectos\coolengine\engineproject\enginedll\tilemap.h(2): warning C4067: símbolos (token) inesperados después de la directiva del preprocesador; se esperaba una nueva línea
c:\users\gsvil\documents\proyectos\coolengine\engineproject\enginedll\renderer.h(12): warning C4251: 'Renderer::model': struct 'glm::mat<4,4,float,0>' necesita tener una interfaz DLL para que la utilicen los clientes de class 'Renderer'
  c:\users\gsvil\documents\proyectos\coolengine\engineproject\external\glm-0.9.9.0\glm\detail\type_mat.hpp(303): note: vea la declaración de 'glm::mat<4,4,float,0>'
c:\users\gsvil\documents\proyectos\coolengine\engineproject\enginedll\renderer.h(13): warning C4251: 'Renderer::view': struct 'glm::mat<4,4,float,0>' necesita tener una interfaz DLL para que la utilicen los clientes de class 'Renderer'
  c:\users\gsvil\documents\proyectos\coolengine\engineproject\external\glm-0.9.9.0\glm\detail\type_mat.hpp(303): note: vea la declaración de 'glm::mat<4,4,float,0>'
c:\users\gsvil\documents\proyectos\coolengine\engineproject\enginedll\renderer.h(14): warning C4251: 'Renderer::projection': struct 'glm::mat<4,4,float,0>' necesita tener una interfaz DLL para que la utilicen los clientes de class 'Renderer'
  c:\users\gsvil\documents\proyectos\coolengine\engineproject\external\glm-0.9.9.0\glm\detail\type_mat.hpp(303): note: vea la declaración de 'glm::mat<4,4,float,0>'
c:\users\gsvil\documents\proyectos\coolengine\engineproject\enginedll\renderer.h(15): warning C4251: 'Renderer::MVP': struct 'glm::mat<4,4,float,0>' necesita tener una interfaz DLL para que la utilicen los clientes de class 'Renderer'
  c:\users\gsvil\documents\proyectos\coolengine\engineproject\external\glm-0.9.9.0\glm\detail\type_mat.hpp(303): note: vea la declaración de 'glm::mat<4,4,float,0>'
c:\users\gsvil\documents\proyectos\coolengine\engineproject\enginedll\tilemap.h(14): warning C4251: 'Tilemap::model': struct 'glm::mat<4,4,float,0>' necesita tener una interfaz DLL para que la utilicen los clientes de class 'Tilemap'
  c:\users\gsvil\documents\proyectos\coolengine\engineproject\external\glm-0.9.9.0\glm\detail\type_mat.hpp(303): note: vea la declaración de 'glm::mat<4,4,float,0>'
c:\users\gsvil\documents\proyectos\coolengine\engineproject\enginedll\tilemap.h(22): warning C4251: 'Tilemap::vertexArrayPos': class 'std::vector<float,std::allocator<_Ty>>' necesita tener una interfaz DLL para que la utilicen los clientes de class 'Tilemap'
          with
          [
              _Ty=float
          ]
  c:\users\gsvil\documents\proyectos\coolengine\engineproject\enginedll\tilemap.h(22): note: vea la declaración de 'std::vector<float,std::allocator<_Ty>>'
          with
          [
              _Ty=float
          ]
c:\users\gsvil\documents\proyectos\coolengine\engineproject\enginedll\tilemap.h(23): warning C4251: 'Tilemap::vertexArrayUV': class 'std::vector<float,std::allocator<_Ty>>' necesita tener una interfaz DLL para que la utilicen los clientes de class 'Tilemap'
          with
          [
              _Ty=float
          ]
  c:\users\gsvil\documents\proyectos\coolengine\engineproject\enginedll\tilemap.h(22): note: vea la declaración de 'std::vector<float,std::allocator<_Ty>>'
          with
          [
              _Ty=float
          ]
c:\users\gsvil\documents\proyectos\coolengine\engineproject\enginedll\tilemap.h(24): warning C4251: 'Tilemap::indexes': class 'std::vector<std::vector<int,std::allocator<_Ty>>,std::allocator<std::vector<_Ty,std::allocator<_Ty>>>>' necesita tener una interfaz DLL para que la utilicen los clientes de class 'Tilemap'
          with
          [
              _Ty=int
          ]
  c:\users\gsvil\documents\proyectos\coolengine\engineproject\enginedll\tilemap.h(24): note: vea la declaración de 'std::vector<std::vector<int,std::allocator<_Ty>>,std::allocator<std::vector<_Ty,std::allocator<_Ty>>>>'
          with
          [
              _Ty=int
          ]
c:\users\gsvil\documents\proyectos\coolengine\engineproject\enginedll\tilemap.cpp(41): warning C4018: '<': no coinciden signed/unsigned
c:\users\gsvil\documents\proyectos\coolengine\engineproject\enginedll\tilemap.cpp(43): warning C4018: '<': no coinciden signed/unsigned
c:\users\gsvil\documents\proyectos\coolengine\engineproject\enginedll\tilemap.cpp(76): warning C4018: '<': no coinciden signed/unsigned
c:\users\gsvil\documents\proyectos\coolengine\engineproject\enginedll\tilemap.cpp(77): warning C4018: '<': no coinciden signed/unsigned
c:\users\gsvil\documents\proyectos\coolengine\engineproject\enginedll\tilemap.cpp(122): warning C4244: 'return': conversión de 'unsigned int' a 'float'; posible pérdida de datos
c:\users\gsvil\documents\proyectos\coolengine\engineproject\enginedll\tilemap.cpp(126): warning C4244: 'return': conversión de 'unsigned int' a 'float'; posible pérdida de datos
  EngineDLL.vcxproj -> C:\Users\gsvil\Documents\Proyectos\CoolEngine\EngineProject\Debug\EngineDLL.dll
