c:\users\gsvil\documents\proyectos\coolengine\engineproject\enginedll\debug\vc141.pdb
c:\users\gsvil\documents\proyectos\coolengine\engineproject\enginedll\debug\vc141.idb
c:\users\gsvil\documents\proyectos\coolengine\engineproject\enginedll\debug\window.obj
c:\users\gsvil\documents\proyectos\coolengine\engineproject\enginedll\debug\triangle.obj
c:\users\gsvil\documents\proyectos\coolengine\engineproject\enginedll\debug\tilemap.obj
c:\users\gsvil\documents\proyectos\coolengine\engineproject\enginedll\debug\textureimporter.obj
c:\users\gsvil\documents\proyectos\coolengine\engineproject\enginedll\debug\square.obj
c:\users\gsvil\documents\proyectos\coolengine\engineproject\enginedll\debug\sprite.obj
c:\users\gsvil\documents\proyectos\coolengine\engineproject\enginedll\debug\shape3d.obj
c:\users\gsvil\documents\proyectos\coolengine\engineproject\enginedll\debug\shape.obj
c:\users\gsvil\documents\proyectos\coolengine\engineproject\enginedll\debug\renderer.obj
c:\users\gsvil\documents\proyectos\coolengine\engineproject\enginedll\debug\player.obj
c:\users\gsvil\documents\proyectos\coolengine\engineproject\enginedll\debug\modelimporter.obj
c:\users\gsvil\documents\proyectos\coolengine\engineproject\enginedll\debug\material.obj
c:\users\gsvil\documents\proyectos\coolengine\engineproject\enginedll\debug\gamebase.obj
c:\users\gsvil\documents\proyectos\coolengine\engineproject\enginedll\debug\entity.obj
c:\users\gsvil\documents\proyectos\coolengine\engineproject\enginedll\debug\collisionmanager.obj
c:\users\gsvil\documents\proyectos\coolengine\engineproject\enginedll\debug\circle.obj
c:\users\gsvil\documents\proyectos\coolengine\engineproject\enginedll\debug\camera.obj
c:\users\gsvil\documents\proyectos\coolengine\engineproject\enginedll\debug\boxcollider.obj
c:\users\gsvil\documents\proyectos\coolengine\engineproject\enginedll\debug\animation.obj
c:\users\gsvil\documents\proyectos\coolengine\engineproject\debug\enginedll.lib
c:\users\gsvil\documents\proyectos\coolengine\engineproject\debug\enginedll.exp
c:\users\gsvil\documents\proyectos\coolengine\engineproject\debug\enginedll.dll
c:\users\gsvil\documents\proyectos\coolengine\engineproject\debug\enginedll.ilk
c:\users\gsvil\documents\proyectos\coolengine\engineproject\debug\enginedll.pdb
c:\users\gsvil\documents\proyectos\coolengine\engineproject\enginedll\debug\shape3d.obj.enc
c:\users\gsvil\documents\proyectos\coolengine\engineproject\enginedll\debug\enginedll.tlog\cl.command.1.tlog
c:\users\gsvil\documents\proyectos\coolengine\engineproject\enginedll\debug\enginedll.tlog\cl.read.1.tlog
c:\users\gsvil\documents\proyectos\coolengine\engineproject\enginedll\debug\enginedll.tlog\cl.write.1.tlog
c:\users\gsvil\documents\proyectos\coolengine\engineproject\enginedll\debug\enginedll.tlog\enginedll.write.1u.tlog
c:\users\gsvil\documents\proyectos\coolengine\engineproject\enginedll\debug\enginedll.tlog\link.16164.delete.1.tlog
c:\users\gsvil\documents\proyectos\coolengine\engineproject\enginedll\debug\enginedll.tlog\link.5524.delete.1.tlog
c:\users\gsvil\documents\proyectos\coolengine\engineproject\enginedll\debug\enginedll.tlog\link.8232.delete.1.tlog
c:\users\gsvil\documents\proyectos\coolengine\engineproject\enginedll\debug\enginedll.tlog\link.command.1.tlog
c:\users\gsvil\documents\proyectos\coolengine\engineproject\enginedll\debug\enginedll.tlog\link.delete.1.tlog
c:\users\gsvil\documents\proyectos\coolengine\engineproject\enginedll\debug\enginedll.tlog\link.read.1.tlog
c:\users\gsvil\documents\proyectos\coolengine\engineproject\enginedll\debug\enginedll.tlog\link.write.1.tlog
