  Game.cpp
c:\users\administrador\documents\github\coolengine\engineproject\enginedll\Entity.h(7): error C2061: error de sintaxis: identificador 'Renderer'
c:\users\administrador\documents\github\coolengine\engineproject\enginedll\Entity.h(12): error C2143: error de sintaxis: falta ';' delante de '*'
c:\users\administrador\documents\github\coolengine\engineproject\enginedll\Entity.h(12): error C4430: falta el especificador de tipo; se presupone int. Nota: C++ no admite default-int
c:\users\administrador\documents\github\coolengine\engineproject\enginedll\Entity.h(12): error C2238: símbolos (token) inesperados delante de ';'
c:\users\administrador\documents\github\coolengine\engineproject\enginedll\GameBase.h(15): warning C4251: 'GameBase::screenName': class 'std::basic_string<char,std::char_traits<char>,std::allocator<char>>' necesita tener una interfaz DLL para que la utilicen los clientes de class 'GameBase'
  C:\Program Files (x86)\Microsoft Visual Studio\2017\Community\VC\Tools\MSVC\14.12.25827\include\xstring(4054): note: vea la declaración de 'std::basic_string<char,std::char_traits<char>,std::allocator<char>>'
c:\users\administrador\documents\github\coolengine\engineproject\enginedll\Triangle.h(15): warning C4200: se ha utilizado una extensión no estándar: matriz de tamaño cero en struct/union
  c:\users\administrador\documents\github\coolengine\engineproject\enginedll\Triangle.h(15): note: Un constructor con valor predeterminado o un operador de asignación de copia o movimiento ignorará a este miembro.
c:\users\administrador\documents\github\coolengine\engineproject\enginedll\Triangle.h(15): error C2997: 'Triangle::g_vertex_buffer_data': no se puede deducir el límite de la matriz desde un inicializador de miembro predeterminado
  c:\users\administrador\documents\github\coolengine\engineproject\enginedll\Triangle.h(11): note: vea la declaración de 'Triangle::g_vertex_buffer_data'
  main.cpp
c:\users\administrador\documents\github\coolengine\engineproject\enginedll\Entity.h(7): error C2061: error de sintaxis: identificador 'Renderer'
c:\users\administrador\documents\github\coolengine\engineproject\enginedll\Entity.h(12): error C2143: error de sintaxis: falta ';' delante de '*'
c:\users\administrador\documents\github\coolengine\engineproject\enginedll\Entity.h(12): error C4430: falta el especificador de tipo; se presupone int. Nota: C++ no admite default-int
c:\users\administrador\documents\github\coolengine\engineproject\enginedll\Entity.h(12): error C2238: símbolos (token) inesperados delante de ';'
c:\users\administrador\documents\github\coolengine\engineproject\enginedll\GameBase.h(15): warning C4251: 'GameBase::screenName': class 'std::basic_string<char,std::char_traits<char>,std::allocator<char>>' necesita tener una interfaz DLL para que la utilicen los clientes de class 'GameBase'
  C:\Program Files (x86)\Microsoft Visual Studio\2017\Community\VC\Tools\MSVC\14.12.25827\include\xstring(4054): note: vea la declaración de 'std::basic_string<char,std::char_traits<char>,std::allocator<char>>'
c:\users\administrador\documents\github\coolengine\engineproject\enginedll\Triangle.h(15): warning C4200: se ha utilizado una extensión no estándar: matriz de tamaño cero en struct/union
  c:\users\administrador\documents\github\coolengine\engineproject\enginedll\Triangle.h(15): note: Un constructor con valor predeterminado o un operador de asignación de copia o movimiento ignorará a este miembro.
c:\users\administrador\documents\github\coolengine\engineproject\enginedll\Triangle.h(15): error C2997: 'Triangle::g_vertex_buffer_data': no se puede deducir el límite de la matriz desde un inicializador de miembro predeterminado
  c:\users\administrador\documents\github\coolengine\engineproject\enginedll\Triangle.h(11): note: vea la declaración de 'Triangle::g_vertex_buffer_data'
