c:\users\administrador\documents\github\coolengine\engineproject\enginedll\release\vc141.pdb
c:\users\administrador\documents\github\coolengine\engineproject\enginedll\release\window.obj
c:\users\administrador\documents\github\coolengine\engineproject\enginedll\release\renderer.obj
c:\users\administrador\documents\github\coolengine\engineproject\enginedll\release\gamebase.obj
c:\users\administrador\documents\github\coolengine\engineproject\enginedll\release\material.obj
c:\users\administrador\documents\github\coolengine\engineproject\release\enginedll.lib
c:\users\administrador\documents\github\coolengine\engineproject\release\enginedll.exp
c:\users\administrador\documents\github\coolengine\engineproject\release\enginedll.ipdb
c:\users\administrador\documents\github\coolengine\engineproject\release\enginedll.iobj
c:\users\administrador\documents\github\coolengine\engineproject\release\enginedll.dll
c:\users\administrador\documents\github\coolengine\engineproject\release\enginedll.pdb
c:\users\gsvil\documents\proyectos\coolengine\engineproject\enginedll\release\vc141.pdb
c:\users\gsvil\documents\proyectos\coolengine\engineproject\release\enginedll.pdb
c:\users\gsvil\documents\proyectos\coolengine\engineproject\enginedll\release\enginedll.tlog\cl.command.1.tlog
c:\users\gsvil\documents\proyectos\coolengine\engineproject\enginedll\release\enginedll.tlog\cl.read.1.tlog
c:\users\gsvil\documents\proyectos\coolengine\engineproject\enginedll\release\enginedll.tlog\cl.write.1.tlog
c:\users\gsvil\documents\proyectos\coolengine\engineproject\enginedll\release\enginedll.tlog\enginedll.write.1u.tlog
c:\users\gsvil\documents\proyectos\coolengine\engineproject\enginedll\release\enginedll.tlog\link.command.1.tlog
c:\users\gsvil\documents\proyectos\coolengine\engineproject\enginedll\release\enginedll.tlog\link.read.1.tlog
c:\users\gsvil\documents\proyectos\coolengine\engineproject\enginedll\release\enginedll.tlog\link.write.1.tlog
